<?xml version="1.0" encoding="UTF-8"?>
<testsuite xmlns:xsi="http://www.w3.org/2001/XMLSchema-instance" xsi:noNamespaceSchemaLocation="https://maven.apache.org/surefire/maven-surefire-plugin/xsd/surefire-test-report-3.0.xsd" version="3.0" name="br.com.votify.core.service.UserServiceTest" time="8.085" tests="10" errors="0" skipped="0" failures="0">
  <properties>
[...]
</properties>
  <testcase name="createValidCommonUser" classname="br.com.votify.core.service.UserServiceTest" time="0.845">
    <system-out><![CDATA[
  .   ____          _            __ _ _
 /\\ / ___'_ __ _ _(_)_ __  __ _ \ \ \ \
( ( )\___ | '_ | '_| | '_ \/ _` | \ \ \ \
 \\/  ___)| |_)| | | | | || (_| |  ) ) ) )
  '  |____| .__|_| |_|_| |_\__, | / / / /
 =========|_|==============|___/=/_/_/_/

 :: Spring Boot ::                (v3.4.2)

2025-02-26T02:34:24.217Z  INFO 2167 --- [           main] b.c.votify.core.service.UserServiceTest  : Starting UserServiceTest using Java 17.0.14 with PID 2167 (started by runner in /home/runner/work/Votify/Votify/votify-test)
2025-02-26T02:34:24.221Z  INFO 2167 --- [           main] b.c.votify.core.service.UserServiceTest  : No active profile set, falling back to 1 default profile: "default"
2025-02-26T02:34:24.909Z  INFO 2167 --- [           main] .s.d.r.c.RepositoryConfigurationDelegate : Bootstrapping Spring Data JPA repositories in DEFAULT mode.
2025-02-26T02:34:24.969Z  INFO 2167 --- [           main] .s.d.r.c.RepositoryConfigurationDelegate : Finished Spring Data repository scanning in 45 ms. Found 1 JPA repository interface.
2025-02-26T02:34:25.996Z  INFO 2167 --- [           main] o.s.b.w.embedded.tomcat.TomcatWebServer  : Tomcat initialized with port 0 (http)
2025-02-26T02:34:26.018Z  INFO 2167 --- [           main] o.apache.catalina.core.StandardService   : Starting service [Tomcat]
2025-02-26T02:34:26.019Z  INFO 2167 --- [           main] o.apache.catalina.core.StandardEngine    : Starting Servlet engine: [Apache Tomcat/10.1.34]
2025-02-26T02:34:26.089Z  INFO 2167 --- [           main] o.a.c.c.C.[Tomcat].[localhost].[/]       : Initializing Spring embedded WebApplicationContext
2025-02-26T02:34:26.091Z  INFO 2167 --- [           main] w.s.c.ServletWebServerApplicationContext : Root WebApplicationContext: initialization completed in 1840 ms
2025-02-26T02:34:26.330Z  INFO 2167 --- [           main] o.hibernate.jpa.internal.util.LogHelper  : HHH000204: Processing PersistenceUnitInfo [name: default]
2025-02-26T02:34:26.418Z  INFO 2167 --- [           main] org.hibernate.Version                    : HHH000412: Hibernate ORM core version 6.6.5.Final
2025-02-26T02:34:26.467Z  INFO 2167 --- [           main] o.h.c.internal.RegionFactoryInitiator    : HHH000026: Second-level cache disabled
2025-02-26T02:34:26.898Z  INFO 2167 --- [           main] o.s.o.j.p.SpringPersistenceUnitInfo      : No LoadTimeWeaver setup: ignoring JPA class transformer
2025-02-26T02:34:26.941Z  INFO 2167 --- [           main] com.zaxxer.hikari.HikariDataSource       : HikariPool-1 - Starting...
2025-02-26T02:34:27.345Z  INFO 2167 --- [           main] com.zaxxer.hikari.pool.HikariPool        : HikariPool-1 - Added connection conn0: url=jdbc:h2:mem:test user=SA
2025-02-26T02:34:27.348Z  INFO 2167 --- [           main] com.zaxxer.hikari.HikariDataSource       : HikariPool-1 - Start completed.
2025-02-26T02:34:27.406Z  WARN 2167 --- [           main] org.hibernate.dialect.Dialect            : HHH000511: The 2.3.232 version for [org.hibernate.dialect.MySQLDialect] is no longer supported, hence certain features may not work properly. The minimum supported version is 8.0.0. Check the community dialects project for available legacy versions.
2025-02-26T02:34:27.410Z  WARN 2167 --- [           main] org.hibernate.orm.deprecation            : HHH90000025: MySQLDialect does not need to be specified explicitly using 'hibernate.dialect' (remove the property setting and it will be selected by default)
2025-02-26T02:34:27.440Z  INFO 2167 --- [           main] org.hibernate.orm.connections.pooling    : HHH10001005: Database info:
	Database JDBC URL [Connecting through datasource 'HikariDataSource (HikariPool-1)']
	Database driver: undefined/unknown
	Database version: 2.3.232
	Autocommit mode: undefined/unknown
	Isolation level: undefined/unknown
	Minimum pool size: undefined/unknown
	Maximum pool size: undefined/unknown
2025-02-26T02:34:28.718Z  INFO 2167 --- [           main] o.h.e.t.j.p.i.JtaPlatformInitiator       : HHH000489: No JTA platform available (set 'hibernate.transaction.jta.platform' to enable JTA platform integration)
2025-02-26T02:34:28.831Z  INFO 2167 --- [           main] j.LocalContainerEntityManagerFactoryBean : Initialized JPA EntityManagerFactory for persistence unit 'default'
2025-02-26T02:34:29.237Z  WARN 2167 --- [           main] JpaBaseConfiguration$JpaWebConfiguration : spring.jpa.open-in-view is enabled by default. Therefore, database queries may be performed during view rendering. Explicitly configure spring.jpa.open-in-view to disable this warning
2025-02-26T02:34:29.621Z  INFO 2167 --- [           main] o.s.b.a.h2.H2ConsoleAutoConfiguration    : H2 console available at '/h2-console'. Database available at 'jdbc:h2:mem:test'
2025-02-26T02:34:29.902Z  INFO 2167 --- [           main] o.s.b.w.embedded.tomcat.TomcatWebServer  : Tomcat started on port 43223 (http) with context path '/'
2025-02-26T02:34:29.914Z  INFO 2167 --- [           main] b.c.votify.core.service.UserServiceTest  : Started UserServiceTest in 6.212 seconds (process running for 8.543)
]]></system-out>
  </testcase>
  <testcase name="createValidModeratorUser" classname="br.com.votify.core.service.UserServiceTest" time="0.092"/>
  <testcase name="createValidAdminUser" classname="br.com.votify.core.service.UserServiceTest" time="0.084"/>
  <testcase name="createUserWithUserNameAlreadyExists" classname="br.com.votify.core.service.UserServiceTest" time="0.012"/>
  <testcase name="createUserWithEmailAlreadyExists" classname="br.com.votify.core.service.UserServiceTest" time="0.007"/>
  <testcase name="checkInvalidPasswordFromCreatedUser" classname="br.com.votify.core.service.UserServiceTest" time="0.102"/>
  <testcase name="getAll" classname="br.com.votify.core.service.UserServiceTest" time="0.013"/>
  <testcase name="checkPasswordMatchFromCreatedUser" classname="br.com.votify.core.service.UserServiceTest" time="0.081"/>
  <testcase name="getNonExistentUser" classname="br.com.votify.core.service.UserServiceTest" time="0.006"/>
  <testcase name="getUserById" classname="br.com.votify.core.service.UserServiceTest" time="0.006"/>
</testsuite>