<?xml version="1.0" encoding="UTF-8"?>
<testsuite xmlns:xsi="http://www.w3.org/2001/XMLSchema-instance" xsi:noNamespaceSchemaLocation="https://maven.apache.org/surefire/maven-surefire-plugin/xsd/surefire-test-report-3.0.xsd" version="3.0" name="br.com.votify.core.domain.entities.users.UserValidatorTest" time="2.128" tests="14" errors="0" skipped="0" failures="0">
  <properties>
[...]
</properties>
  <testcase name="testNullPassword" classname="br.com.votify.core.domain.entities.users.UserValidatorTest" time="0.001"/>
  <testcase name="testNullName" classname="br.com.votify.core.domain.entities.users.UserValidatorTest" time="0.001"/>
  <testcase name="testEmptyName" classname="br.com.votify.core.domain.entities.users.UserValidatorTest" time="0.004"/>
  <testcase name="testValidUser" classname="br.com.votify.core.domain.entities.users.UserValidatorTest" time="0.001"/>
  <testcase name="testNullUserName" classname="br.com.votify.core.domain.entities.users.UserValidatorTest" time="0.001"/>
  <testcase name="testNullEmail" classname="br.com.votify.core.domain.entities.users.UserValidatorTest" time="0.002"/>
  <testcase name="testInvalidUserNames" classname="br.com.votify.core.domain.entities.users.UserValidatorTest" time="0.156">
    <system-out><![CDATA[timestamp = 2025-02-26T02:34:32.908830615, UserValidatorTest:testInvalidUserNames = 
                              |-----------------------jqwik-----------------------
tries = 1000                  | # of calls to property
checks = 1000                 | # of not rejected calls
generation = RANDOMIZED       | parameters are randomly generated
after-failure = SAMPLE_FIRST  | try previously failed sample, then previous seed
when-fixed-seed = ALLOW       | fixing the random seed is allowed
edge-cases#mode = MIXIN       | edge cases are mixed in
edge-cases#total = 1          | # of all combined edge cases
edge-cases#tried = 1          | # of edge cases tried in current run
seed = -5946800063456438733   | random seed to reproduce generated values


]]></system-out>
  </testcase>
  <testcase name="testEmailsWithInvalidLength" classname="br.com.votify.core.domain.entities.users.UserValidatorTest" time="0.215">
    <system-out><![CDATA[timestamp = 2025-02-26T02:34:33.125397927, UserValidatorTest:testEmailsWithInvalidLength = 
                              |-----------------------jqwik-----------------------
tries = 1000                  | # of calls to property
checks = 1000                 | # of not rejected calls
generation = RANDOMIZED       | parameters are randomly generated
after-failure = SAMPLE_FIRST  | try previously failed sample, then previous seed
when-fixed-seed = ALLOW       | fixing the random seed is allowed
edge-cases#mode = MIXIN       | edge cases are mixed in
edge-cases#total = 4          | # of all combined edge cases
edge-cases#tried = 4          | # of edge cases tried in current run
seed = -4040806783563752826   | random seed to reproduce generated values


]]></system-out>
  </testcase>
  <testcase name="testPasswordsWithInvalidBytes" classname="br.com.votify.core.domain.entities.users.UserValidatorTest" time="0.148">
    <system-out><![CDATA[timestamp = 2025-02-26T02:34:33.274240788, UserValidatorTest:testPasswordsWithInvalidBytes = 
                              |-----------------------jqwik-----------------------
tries = 1000                  | # of calls to property
checks = 1000                 | # of not rejected calls
generation = RANDOMIZED       | parameters are randomly generated
after-failure = SAMPLE_FIRST  | try previously failed sample, then previous seed
when-fixed-seed = ALLOW       | fixing the random seed is allowed
edge-cases#mode = MIXIN       | edge cases are mixed in
edge-cases#total = 0          | # of all combined edge cases
edge-cases#tried = 0          | # of edge cases tried in current run
seed = 704629023734276009     | random seed to reproduce generated values


]]></system-out>
  </testcase>
  <testcase name="testUserNamesWithInvalidCharacter" classname="br.com.votify.core.domain.entities.users.UserValidatorTest" time="0.049">
    <system-out><![CDATA[timestamp = 2025-02-26T02:34:33.323982172, UserValidatorTest:testUserNamesWithInvalidCharacter = 
                              |-----------------------jqwik-----------------------
tries = 1000                  | # of calls to property
checks = 1000                 | # of not rejected calls
generation = RANDOMIZED       | parameters are randomly generated
after-failure = SAMPLE_FIRST  | try previously failed sample, then previous seed
when-fixed-seed = ALLOW       | fixing the random seed is allowed
edge-cases#mode = MIXIN       | edge cases are mixed in
edge-cases#total = 2          | # of all combined edge cases
edge-cases#tried = 2          | # of edge cases tried in current run
seed = 8203616324114320633    | random seed to reproduce generated values


]]></system-out>
  </testcase>
  <testcase name="testValidNames" classname="br.com.votify.core.domain.entities.users.UserValidatorTest" time="0.038">
    <system-out><![CDATA[timestamp = 2025-02-26T02:34:33.363262939, UserValidatorTest:testValidNames = 
                              |-----------------------jqwik-----------------------
tries = 1000                  | # of calls to property
checks = 1000                 | # of not rejected calls
generation = RANDOMIZED       | parameters are randomly generated
after-failure = SAMPLE_FIRST  | try previously failed sample, then previous seed
when-fixed-seed = ALLOW       | fixing the random seed is allowed
edge-cases#mode = MIXIN       | edge cases are mixed in
edge-cases#total = 0          | # of all combined edge cases
edge-cases#tried = 0          | # of edge cases tried in current run
seed = 7859669263750664114    | random seed to reproduce generated values


]]></system-out>
  </testcase>
  <testcase name="testNamesWithInvalidLength" classname="br.com.votify.core.domain.entities.users.UserValidatorTest" time="0.084">
    <system-out><![CDATA[timestamp = 2025-02-26T02:34:33.448222276, UserValidatorTest:testNamesWithInvalidLength = 
                              |-----------------------jqwik-----------------------
tries = 1000                  | # of calls to property
checks = 1000                 | # of not rejected calls
generation = RANDOMIZED       | parameters are randomly generated
after-failure = SAMPLE_FIRST  | try previously failed sample, then previous seed
when-fixed-seed = ALLOW       | fixing the random seed is allowed
edge-cases#mode = MIXIN       | edge cases are mixed in
edge-cases#total = 0          | # of all combined edge cases
edge-cases#tried = 0          | # of edge cases tried in current run
seed = -687284471215409339    | random seed to reproduce generated values


]]></system-out>
  </testcase>
  <testcase name="testPasswordsWithInvalidLength" classname="br.com.votify.core.domain.entities.users.UserValidatorTest" time="0.066">
    <system-out><![CDATA[timestamp = 2025-02-26T02:34:33.514791341, UserValidatorTest:testPasswordsWithInvalidLength = 
                              |-----------------------jqwik-----------------------
tries = 1000                  | # of calls to property
checks = 1000                 | # of not rejected calls
generation = RANDOMIZED       | parameters are randomly generated
after-failure = SAMPLE_FIRST  | try previously failed sample, then previous seed
when-fixed-seed = ALLOW       | fixing the random seed is allowed
edge-cases#mode = MIXIN       | edge cases are mixed in
edge-cases#total = 2          | # of all combined edge cases
edge-cases#tried = 2          | # of edge cases tried in current run
seed = 4138934700549715825    | random seed to reproduce generated values


]]></system-out>
  </testcase>
  <testcase name="testPasswordsWithInvalidCharacter" classname="br.com.votify.core.domain.entities.users.UserValidatorTest" time="1.152">
    <system-out><![CDATA[timestamp = 2025-02-26T02:34:34.666868328, UserValidatorTest:testPasswordsWithInvalidCharacter = 
                              |-----------------------jqwik-----------------------
tries = 1000                  | # of calls to property
checks = 1000                 | # of not rejected calls
generation = RANDOMIZED       | parameters are randomly generated
after-failure = SAMPLE_FIRST  | try previously failed sample, then previous seed
when-fixed-seed = ALLOW       | fixing the random seed is allowed
edge-cases#mode = MIXIN       | edge cases are mixed in
edge-cases#total = 1          | # of all combined edge cases
edge-cases#tried = 1          | # of edge cases tried in current run
seed = -7445346549928806109   | random seed to reproduce generated values


]]></system-out>
  </testcase>
  <testcase name="testValidPasswords" classname="br.com.votify.core.domain.entities.users.UserValidatorTest" time="0.044">
    <system-out><![CDATA[timestamp = 2025-02-26T02:34:34.711217211, UserValidatorTest:testValidPasswords = 
                              |-----------------------jqwik-----------------------
tries = 1000                  | # of calls to property
checks = 1000                 | # of not rejected calls
generation = RANDOMIZED       | parameters are randomly generated
after-failure = SAMPLE_FIRST  | try previously failed sample, then previous seed
when-fixed-seed = ALLOW       | fixing the random seed is allowed
edge-cases#mode = MIXIN       | edge cases are mixed in
edge-cases#total = 1          | # of all combined edge cases
edge-cases#tried = 1          | # of edge cases tried in current run
seed = -2764318058267776895   | random seed to reproduce generated values


]]></system-out>
  </testcase>
  <testcase name="testUserNamesWithInvalidLength" classname="br.com.votify.core.domain.entities.users.UserValidatorTest" time="0.055">
    <system-out><![CDATA[timestamp = 2025-02-26T02:34:34.766962684, UserValidatorTest:testUserNamesWithInvalidLength = 
                              |-----------------------jqwik-----------------------
tries = 1000                  | # of calls to property
checks = 1000                 | # of not rejected calls
generation = RANDOMIZED       | parameters are randomly generated
after-failure = SAMPLE_FIRST  | try previously failed sample, then previous seed
when-fixed-seed = ALLOW       | fixing the random seed is allowed
edge-cases#mode = MIXIN       | edge cases are mixed in
edge-cases#total = 2          | # of all combined edge cases
edge-cases#tried = 2          | # of edge cases tried in current run
seed = 2956164945416099905    | random seed to reproduce generated values


]]></system-out>
  </testcase>
  <testcase name="testValidEmails" classname="br.com.votify.core.domain.entities.users.UserValidatorTest" time="0.032">
    <system-out><![CDATA[timestamp = 2025-02-26T02:34:34.799950805, UserValidatorTest:testValidEmails = 
                              |-----------------------jqwik-----------------------
tries = 1000                  | # of calls to property
checks = 1000                 | # of not rejected calls
generation = RANDOMIZED       | parameters are randomly generated
after-failure = SAMPLE_FIRST  | try previously failed sample, then previous seed
when-fixed-seed = ALLOW       | fixing the random seed is allowed
edge-cases#mode = MIXIN       | edge cases are mixed in
edge-cases#total = 8          | # of all combined edge cases
edge-cases#tried = 8          | # of edge cases tried in current run
seed = 5149171086694258854    | random seed to reproduce generated values


]]></system-out>
  </testcase>
  <testcase name="testInvalidEmail" classname="br.com.votify.core.domain.entities.users.UserValidatorTest" time="0.059">
    <system-out><![CDATA[timestamp = 2025-02-26T02:34:34.859139619, UserValidatorTest:testInvalidEmail = 
                              |-----------------------jqwik-----------------------
tries = 1000                  | # of calls to property
checks = 1000                 | # of not rejected calls
generation = RANDOMIZED       | parameters are randomly generated
after-failure = SAMPLE_FIRST  | try previously failed sample, then previous seed
when-fixed-seed = ALLOW       | fixing the random seed is allowed
edge-cases#mode = MIXIN       | edge cases are mixed in
edge-cases#total = 6          | # of all combined edge cases
edge-cases#tried = 6          | # of edge cases tried in current run
seed = 6411638778315396872    | random seed to reproduce generated values


]]></system-out>
  </testcase>
  <testcase name="testInvalidNames" classname="br.com.votify.core.domain.entities.users.UserValidatorTest" time="0.004">
    <system-out><![CDATA[timestamp = 2025-02-26T02:34:34.864323741, UserValidatorTest:testInvalidNames = 
                              |-----------------------jqwik-----------------------
tries = 9                     | # of calls to property
checks = 9                    | # of not rejected calls
generation = EXHAUSTIVE       | parameters are exhaustively generated
after-failure = SAMPLE_FIRST  | try previously failed sample, then previous seed
when-fixed-seed = ALLOW       | fixing the random seed is allowed
edge-cases#mode = MIXIN       | edge cases are mixed in
edge-cases#total = 0          | # of all combined edge cases
edge-cases#tried = 0          | # of edge cases tried in current run
seed = 7167070884674410472    | random seed to reproduce generated values


]]></system-out>
  </testcase>
  <testcase name="testValidUserNames" classname="br.com.votify.core.domain.entities.users.UserValidatorTest" time="0.015">
    <system-out><![CDATA[timestamp = 2025-02-26T02:34:34.879878903, UserValidatorTest:testValidUserNames = 
                              |-----------------------jqwik-----------------------
tries = 1000                  | # of calls to property
checks = 1000                 | # of not rejected calls
generation = RANDOMIZED       | parameters are randomly generated
after-failure = SAMPLE_FIRST  | try previously failed sample, then previous seed
when-fixed-seed = ALLOW       | fixing the random seed is allowed
edge-cases#mode = MIXIN       | edge cases are mixed in
edge-cases#total = 1          | # of all combined edge cases
edge-cases#tried = 1          | # of edge cases tried in current run
seed = -2888266418054804373   | random seed to reproduce generated values


]]></system-out>
  </testcase>
</testsuite>